#
# There is insufficient memory for the Java Runtime Environment to continue.
# Native memory allocation (mmap) failed to map 1540096 bytes for G1 virtual space
# Possible reasons:
#   The system is out of physical RAM or swap space
#   The process is running with CompressedOops enabled, and the Java Heap may be blocking the growth of the native heap
# Possible solutions:
#   Reduce memory load on the system
#   Increase physical memory or swap space
#   Check if swap backing store is full
#   Decrease Java heap size (-Xmx/-Xms)
#   Decrease number of Java threads
#   Decrease Java thread stack sizes (-Xss)
#   Set larger code cache with -XX:ReservedCodeCacheSize=
#   JVM is running with Unscaled Compressed Oops mode in which the Java heap is
#     placed in the first 4GB address space. The Java Heap base address is the
#     maximum limit for the native heap growth. Please use -XX:HeapBaseMinAddress
#     to set the Java Heap base and to place the Java Heap above 4GB virtual address.
# This output file may be truncated or incomplete.
#
#  Out of Memory Error (os_windows.cpp:3548), pid=26680, tid=12532
#
# JRE version:  (17.0.12+8) (build )
# Java VM: Java HotSpot(TM) 64-Bit Server VM (17.0.12+8-LTS-286, mixed mode, sharing, tiered, compressed oops, compressed class ptrs, g1 gc, windows-amd64)
# No core dump will be written. Minidumps are not enabled by default on client versions of Windows
#

---------------  S U M M A R Y ------------

Command Line: -Dfile.encoding=windows-1252 -Duser.country=CO -Duser.language=es -Duser.variant com.example.myproject.MyprojectApplication

Host: AMD Ryzen 5 5500U with Radeon Graphics         , 12 cores, 5G,  Windows 11 , 64 bit Build 22621 (10.0.22621.4391)
Time: Thu Feb  6 11:17:27 2025 Hora est. Pacífico, Sudamérica elapsed time: 0.024769 seconds (0d 0h 0m 0s)

---------------  T H R E A D  ---------------

Current thread (0x00000256ade33ae0):  JavaThread "Unknown thread" [_thread_in_vm, id=12532, stack(0x000000be05200000,0x000000be05300000)]

Stack: [0x000000be05200000,0x000000be05300000]
Native frames: (J=compiled Java code, j=interpreted, Vv=VM code, C=native code)
V  [jvm.dll+0x67a04a]
V  [jvm.dll+0x7da4ed]
V  [jvm.dll+0x7dbe33]
V  [jvm.dll+0x7dc4a3]
V  [jvm.dll+0x24508f]
V  [jvm.dll+0x677089]
V  [jvm.dll+0x66bd32]
V  [jvm.dll+0x301fa6]
V  [jvm.dll+0x309546]
V  [jvm.dll+0x359d58]
V  [jvm.dll+0x359f5f]
V  [jvm.dll+0x2d9078]
V  [jvm.dll+0x2d9fe4]
V  [jvm.dll+0x7aca21]
V  [jvm.dll+0x367591]
V  [jvm.dll+0x78b999]
V  [jvm.dll+0x3ec83f]
V  [jvm.dll+0x3ee471]
C  [jli.dll+0x5297]
C  [ucrtbase.dll+0x29333]
C  [KERNEL32.DLL+0x1259d]
C  [ntdll.dll+0x5af38]


---------------  P R O C E S S  ---------------

Threads class SMR info:
_java_thread_list=0x00007ffa3c5b7a18, length=0, elements={
}

Java Threads: ( => current thread )

Other Threads:
  0x00000256ade7e110 GCTaskThread "GC Thread#0" [stack: 0x000000be05300000,0x000000be05400000] [id=29540]
  0x00000256ade8ab30 ConcurrentGCThread "G1 Main Marker" [stack: 0x000000be05400000,0x000000be05500000] [id=30072]
  0x00000256ade8b450 ConcurrentGCThread "G1 Conc#0" [stack: 0x000000be05500000,0x000000be05600000] [id=28872]

[error occurred during error reporting (printing all threads), id 0xc0000005, EXCEPTION_ACCESS_VIOLATION (0xc0000005) at pc=0x00007ffa3bde9b67]

VM state: not at safepoint (not fully initialized)

VM Mutex/Monitor currently owned by a thread:  ([mutex/lock_event])
[0x00000256ade30090] Heap_lock - owner thread: 0x00000256ade33ae0

Heap address: 0x00000000a2200000, size: 1502 MB, Compressed Oops mode: 32-bit

CDS archive(s) mapped at: [0x0000000000000000-0x0000000000000000-0x0000000000000000), size 0, SharedBaseAddress: 0x0000000800000000, ArchiveRelocationMode: 1.
Narrow klass base: 0x0000000000000000, Narrow klass shift: 0, Narrow klass range: 0x0

GC Precious Log:
<Empty>

Heap:
 garbage-first heap   total 0K, used 0K [0x00000000a2200000, 0x0000000100000000)
  region size 1024K, 0 young (0K), 0 survivors (0K)

[error occurred during error reporting (printing heap information), id 0xc0000005, EXCEPTION_ACCESS_VIOLATION (0xc0000005) at pc=0x00007ffa3c1d3859]

GC Heap History (0 events):
No events

Deoptimization events (0 events):
No events

Classes unloaded (0 events):
No events

Classes redefined (0 events):
No events

Internal exceptions (0 events):
No events

VM Operations (0 events):
No events

Events (1 events):
Event: 0.013 Loaded shared library C:\Program Files\Java\jdk-17\bin\java.dll


Dynamic libraries:
0x00007ff71c100000 - 0x00007ff71c110000 	C:\Program Files\Java\jdk-17\bin\java.exe
0x00007ffaed690000 - 0x00007ffaed8a7000 	C:\WINDOWS\SYSTEM32\ntdll.dll
0x00007ffaec040000 - 0x00007ffaec104000 	C:\WINDOWS\System32\KERNEL32.DLL
0x00007ffaead50000 - 0x00007ffaeb10a000 	C:\WINDOWS\System32\KERNELBASE.dll
0x00007ffaeb260000 - 0x00007ffaeb371000 	C:\WINDOWS\System32\ucrtbase.dll
0x00007ffad1c00000 - 0x00007ffad1c1b000 	C:\Program Files\Java\jdk-17\bin\VCRUNTIME140.dll
0x00007ffad21c0000 - 0x00007ffad21d9000 	C:\Program Files\Java\jdk-17\bin\jli.dll
0x00007ffaeb920000 - 0x00007ffaeb9d2000 	C:\WINDOWS\System32\ADVAPI32.dll
0x00007ffaecc50000 - 0x00007ffaeccf7000 	C:\WINDOWS\System32\msvcrt.dll
0x00007ffaebf90000 - 0x00007ffaec037000 	C:\WINDOWS\System32\sechost.dll
0x00007ffaea9f0000 - 0x00007ffaeaa18000 	C:\WINDOWS\System32\bcrypt.dll
0x00007ffaeb800000 - 0x00007ffaeb914000 	C:\WINDOWS\System32\RPCRT4.dll
0x00007ffaecaa0000 - 0x00007ffaecc4e000 	C:\WINDOWS\System32\USER32.dll
0x00007ffaeb230000 - 0x00007ffaeb256000 	C:\WINDOWS\System32\win32u.dll
0x00007ffaeb9e0000 - 0x00007ffaeba09000 	C:\WINDOWS\System32\GDI32.dll
0x00007ffaeb110000 - 0x00007ffaeb22b000 	C:\WINDOWS\System32\gdi32full.dll
0x00007ffaea950000 - 0x00007ffaea9ea000 	C:\WINDOWS\System32\msvcp_win.dll
0x00007ffad80c0000 - 0x00007ffad8352000 	C:\WINDOWS\WinSxS\amd64_microsoft.windows.common-controls_6595b64144ccf1df_6.0.22621.4541_none_2710d1c57384c085\COMCTL32.dll
0x00007ffae0cb0000 - 0x00007ffae0cba000 	C:\WINDOWS\SYSTEM32\VERSION.dll
0x00007ffaed2d0000 - 0x00007ffaed301000 	C:\WINDOWS\System32\IMM32.DLL
0x00007ffae0330000 - 0x00007ffae033c000 	C:\Program Files\Java\jdk-17\bin\vcruntime140_1.dll
0x00007ffa95ab0000 - 0x00007ffa95b3e000 	C:\Program Files\Java\jdk-17\bin\msvcp140.dll
0x00007ffa3bb00000 - 0x00007ffa3c6e0000 	C:\Program Files\Java\jdk-17\bin\server\jvm.dll
0x00007ffaed530000 - 0x00007ffaed538000 	C:\WINDOWS\System32\PSAPI.DLL
0x00007ffae39c0000 - 0x00007ffae39f4000 	C:\WINDOWS\SYSTEM32\WINMM.dll
0x00007ffac3c80000 - 0x00007ffac3c89000 	C:\WINDOWS\SYSTEM32\WSOCK32.dll
0x00007ffaec130000 - 0x00007ffaec1a1000 	C:\WINDOWS\System32\WS2_32.dll
0x00007ffae9950000 - 0x00007ffae9968000 	C:\WINDOWS\SYSTEM32\kernel.appcore.dll
0x00007ffae02b0000 - 0x00007ffae02ba000 	C:\Program Files\Java\jdk-17\bin\jimage.dll
0x00007ffae83d0000 - 0x00007ffae8602000 	C:\WINDOWS\SYSTEM32\DBGHELP.DLL
0x00007ffaeba70000 - 0x00007ffaebe01000 	C:\WINDOWS\System32\combase.dll
0x00007ffaeb380000 - 0x00007ffaeb457000 	C:\WINDOWS\System32\OLEAUT32.dll
0x00007ffae2800000 - 0x00007ffae2832000 	C:\WINDOWS\SYSTEM32\dbgcore.DLL
0x00007ffaeacd0000 - 0x00007ffaead4b000 	C:\WINDOWS\System32\bcryptPrimitives.dll
0x00007ffac2b80000 - 0x00007ffac2ba5000 	C:\Program Files\Java\jdk-17\bin\java.dll

dbghelp: loaded successfully - version: 4.0.5 - missing functions: none
symbol engine: initialized successfully - sym options: 0x614 - pdb path: .;C:\Program Files\Java\jdk-17\bin;C:\WINDOWS\SYSTEM32;C:\WINDOWS\WinSxS\amd64_microsoft.windows.common-controls_6595b64144ccf1df_6.0.22621.4541_none_2710d1c57384c085;C:\Program Files\Java\jdk-17\bin\server

VM Arguments:
jvm_args: -Dfile.encoding=windows-1252 -Duser.country=CO -Duser.language=es -Duser.variant 
java_command: com.example.myproject.MyprojectApplication
java_class_path (initial): C:\Users\USUARIO\OneDrive\Documentos\GitHub\reservar-eventos-back\build\classes\java\main;C:\Users\USUARIO\OneDrive\Documentos\GitHub\reservar-eventos-back\build\resources\main;C:\Users\USUARIO\.gradle\caches\modules-2\files-2.1\org.springframework.boot\spring-boot-starter-web\2.7.8\7596f0263544e8230a5bf5357a02fb391f036f77\spring-boot-starter-web-2.7.8.jar;C:\Users\USUARIO\.gradle\caches\modules-2\files-2.1\org.springframework.boot\spring-boot-starter-security\2.7.8\dab6861ecbd4477c6189ee5c4964b72606c014c6\spring-boot-starter-security-2.7.8.jar;C:\Users\USUARIO\.gradle\caches\modules-2\files-2.1\io.jsonwebtoken\jjwt\0.9.1\54d2abfc3e63a28824d35bf600d6a5d627da681a\jjwt-0.9.1.jar;C:\Users\USUARIO\.gradle\caches\modules-2\files-2.1\javax.xml.bind\jaxb-api\2.3.1\8531ad5ac454cc2deb9d4d32c40c4d7451939b5d\jaxb-api-2.3.1.jar;C:\Users\USUARIO\.gradle\caches\modules-2\files-2.1\org.springframework.boot\spring-boot-starter-data-jpa\2.7.8\ace969cae39b4479ffedd58e04c5a6eca60c94a5\spring-boot-starter-data-jpa-2.7.8.jar;C:\Users\USUARIO\.gradle\caches\modules-2\files-2.1\mysql\mysql-connector-java\8.0.29\16bfffda393ac4fe56f0985f1f035b37d3fc48f\mysql-connector-java-8.0.29.jar;C:\Users\USUARIO\.gradle\caches\modules-2\files-2.1\org.projectlombok\lombok\1.18.24\13a394eed5c4f9efb2a6d956e2086f1d81e857d9\lombok-1.18.24.jar;C:\Users\USUARIO\.gradle\caches\modules-2\files-2.1\org.springframework.boot\spring-boot-starter-json\2.7.8\fb09a04154ce2aea974755bc011a588eee2332aa\spring-boot-starter-json-2.7.8.jar;C:\Users\USUARIO\.gradle\caches\modules-2\files-2.1\org.springframework.boot\spring-boot-starter-aop\2.7.8\72fc6a1e13d5e46b20c0d9e45574bfb0d6e7af6d\spring-boot-starter-aop-2.7.8.jar;C:\Users\USUARIO\.gradle\caches\modules-2\files-2.1\org.springframework.boot\spring-boot-starter-jdbc\2.7.8\5821d4af88c26bc5e23b7131ff8e68c67275d8b6\spring-boot-starter-jdbc-2.7.8.jar;C:\Users\USUARIO\.gradle\caches\modules-2\files-2.1\org.springframework.boot\spring-boot-starter\2
Launcher Type: SUN_STANDARD

[Global flags]
     intx CICompilerCount                          = 4                                         {product} {ergonomic}
     uint ConcGCThreads                            = 3                                         {product} {ergonomic}
     uint G1ConcRefinementThreads                  = 10                                        {product} {ergonomic}
   size_t G1HeapRegionSize                         = 1048576                                   {product} {ergonomic}
    uintx GCDrainStackTargetSize                   = 64                                        {product} {ergonomic}
   size_t InitialHeapSize                          = 98566144                                  {product} {ergonomic}
   size_t MarkStackSize                            = 4194304                                   {product} {ergonomic}
   size_t MaxHeapSize                              = 1574961152                                {product} {ergonomic}
   size_t MinHeapDeltaBytes                        = 1048576                                   {product} {ergonomic}
   size_t MinHeapSize                              = 8388608                                   {product} {ergonomic}
    uintx NonNMethodCodeHeapSize                   = 5839372                                {pd product} {ergonomic}
    uintx NonProfiledCodeHeapSize                  = 122909434                              {pd product} {ergonomic}
    uintx ProfiledCodeHeapSize                     = 122909434                              {pd product} {ergonomic}
    uintx ReservedCodeCacheSize                    = 251658240                              {pd product} {ergonomic}
     bool SegmentedCodeCache                       = true                                      {product} {ergonomic}
   size_t SoftMaxHeapSize                          = 1574961152                             {manageable} {ergonomic}
     bool UseCompressedClassPointers               = true                           {product lp64_product} {ergonomic}
     bool UseCompressedOops                        = true                           {product lp64_product} {ergonomic}
     bool UseG1GC                                  = true                                      {product} {ergonomic}
     bool UseLargePagesIndividualAllocation        = false                                  {pd product} {ergonomic}

Logging:
Log output configuration:
 #0: stdout all=warning uptime,level,tags
 #1: stderr all=off uptime,level,tags

Environment Variables:
JAVA_HOME=C:\Program Files\Java\jdk-17
PATH=C:\Program Files\Java\jdk-17\bin;C:\Program Files\Common Files\Oracle\Java\javapath;C:\gradle\gradle-8.12.1-bin\gradle-8.12.1\bin;C:\WINDOWS\system32;C:\WINDOWS;C:\WINDOWS\System32\Wbem;C:\WINDOWS\System32\WindowsPowerShell\v1.0\;C:\WINDOWS\System32\OpenSSH\;C:\Program Files\nodejs\;C:\Program Files\dotnet\;C:\Program Files\Docker\Docker\resources\bin;C:\Program Files\Java\jdk-17\bin;C:\Program Files\MySQL\MySQL Shell 8.0\bin\;C:\Users\USUARIO\AppData\Local\Microsoft\WindowsApps;C:\Users\USUARIO\AppData\Local\Programs\Microsoft VS Code\bin;C:\Users\USUARIO\AppData\Roaming\npm;C:\Users\USUARIO\AppData\Local\GitHubDesktop\bin;
USERNAME=USUARIO
OS=Windows_NT
PROCESSOR_IDENTIFIER=AMD64 Family 23 Model 104 Stepping 1, AuthenticAMD



---------------  S Y S T E M  ---------------

OS:
 Windows 11 , 64 bit Build 22621 (10.0.22621.4391)
OS uptime: 3 days 15:01 hours
Hyper-V role detected

CPU: total 12 (initial active 12) (12 cores per cpu, 2 threads per core) family 23 model 104 stepping 1 microcode 0x0, cx8, cmov, fxsr, ht, mmx, 3dnowpref, sse, sse2, sse3, ssse3, sse4a, sse4.1, sse4.2, popcnt, lzcnt, tsc, tscinvbit, avx, avx2, aes, clmul, bmi1, bmi2, adx, sha, fma, vzeroupper, clflush, clflushopt, hv

Memory: 4k page, system-wide physical 6005M (161M free)
TotalPageFile size 24437M (AvailPageFile size 7M)
current process WorkingSet (physical memory assigned to process): 11M, peak: 11M
current process commit charge ("private bytes"): 160M, peak: 161M

vm_info: Java HotSpot(TM) 64-Bit Server VM (17.0.12+8-LTS-286) for windows-amd64 JRE (17.0.12+8-LTS-286), built on Jun  5 2024 06:46:59 by "mach5one" with MS VC++ 17.6 (VS2022)

END.
